<?xml version="1.0" encoding="UTF-8"?>
<!-- Generated by org.testng.reporters.JUnitReportReporter -->
<testsuite hostname="LAPTOP-G85O073V" failures="0" tests="1" name="SerializationTest" time="3.177" errors="0" timestamp="2025-03-29T12:03:23 IST" skipped="0">
  <testcase classname="SerializationTest" name="addPlace" time="3.177"/>
</testsuite> <!-- SerializationTest -->
