<?xml version="1.0" encoding="UTF-8"?>
<!-- Generated by org.testng.reporters.JUnitReportReporter -->
<testsuite hostname="LAPTOP-G85O073V" failures="0" tests="4" name="TestLibraryAPI" time="3.429" errors="0" timestamp="2025-04-10T11:36:59 IST" skipped="1">
  <testcase classname="TestLibraryAPI" name="addBookDynamic" time="2.772"/>
  <testcase classname="TestLibraryAPI" name="addBookDynamic" time="0.338"/>
  <testcase classname="TestLibraryAPI" name="addBookDynamic" time="0.319"/>
  <testcase classname="TestLibraryAPI" name="addBookstatic">
    <skipped/>
  </testcase> <!-- addBookstatic -->
</testsuite> <!-- TestLibraryAPI -->
