<?xml version="1.0" encoding="UTF-8"?>
<!-- Generated by org.testng.reporters.JUnitReportReporter -->
<testsuite hostname="LAPTOP-G85O073V" failures="0" tests="1" name="TestJiraAPI" time="6.175" errors="0" timestamp="2025-03-01T17:09:17 IST" skipped="0">
  <testcase classname="TestJiraAPI" name="createIssue" time="6.175"/>
</testsuite> <!-- TestJiraAPI -->
