<?xml version="1.0" encoding="UTF-8"?>
<!-- Generated by org.testng.reporters.JUnitReportReporter -->
<testsuite hostname="LAPTOP-G85O073V" failures="0" tests="1" name="SpecBuilderTest" time="2.071" errors="0" timestamp="2025-03-29T17:13:12 IST" skipped="0">
  <testcase classname="SpecBuilderTest" name="addPlace" time="2.071"/>
</testsuite> <!-- SpecBuilderTest -->
