<?xml version="1.0" encoding="UTF-8"?>
<!-- Generated by org.testng.reporters.JUnitReportReporter -->
<testsuite hostname="LAPTOP-G85O073V" failures="0" tests="1" name="OAuthTest" time="4.320" errors="0" timestamp="2025-03-19T09:21:35 IST" skipped="0">
  <testcase classname="OAuthTest" name="OAuthAPITest" time="4.320"/>
</testsuite> <!-- OAuthTest -->
